[LOG] System::create                           : Header version = 2.02.23. Current version = 2.02.23.
[LOG] Manager::init                            : maxchannels = 256 studioflags = 00000006 flags 00000000 extradriverdata 0000000000000000.
[LOG] SystemI::init                            : Initialize version=20223 (144645), maxchannels=256, flags=0x00020000
[LOG] SystemI::setOutputInternal               : Setting output to 'FMOD WASAPI Output'
[LOG] OutputWASAPI::init                       : Mix Format (WAVEFORMATEX): wFormatTag=0xFFFE, nChannels=8, nSamplesPerSec=48000, nAvgBytesPerSec=1536000, nBlockAlign=32, wBitsPerSample=32, cbSize=22.
[LOG] OutputWASAPI::init                       : Mix Format (WAVEFORMATEXTENSIBLE): wValidBitsPerSample=32, dwChannelMask=0x0000063F, SubFormat=00000003-0000-0010-8000-00AA00389B71.
[LOG] OutputWASAPI::init                       : Output buffer size: 4096 samples, latency: 0.00ms, period: 10.00ms, DSP buffer: 1024 * 4
[LOG] DownMix::init                            : dspbuffersize: 1024  rate: 48000. output speaker mode: 7, input speaker mode 3
[LOG] DownMix::init                            : done.
[LOG] Thread::initThread                       : Init FMOD stream thread. Affinity: 0x4000000000000003, Priority: 0xFFFF7FFB, Stack Size: 98304, Semaphore: No, Sleep Time: 10, Looping: Yes.
[LOG] Thread::initThread                       : Init FMOD mixer thread. Affinity: 0x4000000000000001, Priority: 0xFFFF7FFA, Stack Size: 81920, Semaphore: No, Sleep Time: 0, Looping: Yes.
[LOG] AsyncManager::init                       : manager 000001AB7B840968 isAsync 0 updatePeriod 0.02
[LOG] AsyncManager::init                       : done
[LOG] PlaybackSystem::init                     : 
[LOG] Thread::initThread                       : Init FMOD Studio sample load thread. Affinity: 0x4000000000000003, Priority: 0xFFFF7FFD, Stack Size: 98304, Semaphore: No, Sleep Time: 1, Looping: No.
[LOG] PlaybackSystem::init                     : done
[LOG] Thread::initThread                       : Init FMOD Studio bank load thread. Affinity: 0x4000000000000003, Priority: 0xFFFF7FFD, Stack Size: 98304, Semaphore: No, Sleep Time: 1, Looping: No.
[LOG] Manager::init                            : done.
[LOG] Manager::readBank                        : fileversion = 142, compatVersion = 140 (oldest = 44, newest = 142)
[LOG] Manager::readBank                        : fileversion = 142, compatVersion = 140 (oldest = 44, newest = 142)
[LOG] Manager::readBank                        : fileversion = 142, compatVersion = 140 (oldest = 44, newest = 142)
[LOG] PlaybackSystem::acquireMasterBus         : Setting master channel group format to 6
[LOG] SystemI::createSound                     : filename = Assets/FMODBanks/Desktop/Master.bank : mode 02010082
[LOG] SystemI::createSound                     : FMOD_NONBLOCKING specified.  Putting into queue to be opened asynchronously!
[LOG] Thread::initThread                       : Init FMOD nonblocking thread (0). Affinity: 0x4000000000000003, Priority: 0xFFFF7FFC, Stack Size: 114688, Semaphore: Yes, Sleep Time: 0, Looping: Yes.
[LOG] AsyncThread::add                         : add sound to async queue : soundi = 000001AAF343AB08, queue head = 000001AA54E625C8, queue count = 0
[LOG] AsyncThread::threadFunc                  : Starting Asynchronous operation on sound 000001AAF343AB08
[LOG] SystemI::createSoundInternal             :     Create name='Assets/FMODBanks/Desktop/Master.bank', mode=0x02010082
[LOG] SystemI::createSoundInternal             :     exinfo->cbsize             = 224
[LOG] SystemI::createSoundInternal             :     exinfo->length             = 3283168
[LOG] SystemI::createSoundInternal             :     exinfo->fileoffset         = 13312
[LOG] SystemI::createSoundInternal             :     exinfo->numsubsounds       = 1
[LOG] SystemI::createSoundInternal             :     exinfo->inclusionlist      = 000001AAEF8D89A0
[LOG] SystemI::createSoundInternal             :     exinfo->inclusionlistnum   = 1
[LOG] SystemI::createSoundInternal             :     exinfo->suggestedsoundtype = 5
[LOG] SystemI::createSoundInternal             :     exinfo->initialseekpostype = 1
[LOG] SystemI::createSound                     :     filename = Assets/FMODBanks/Desktop/Master.bank : mode 02010082
[LOG] SystemI::createSound                     :     FMOD_NONBLOCKING specified.  Putting into queue to be opened asynchronously!
[LOG] AsyncThread::add                         :     add sound to async queue : soundi = 000001AAF343A298, queue head = 000001AA54E625C8, queue count = 0
[LOG] SystemI::createSoundInternal             :     Stream 0/1: name='river_loop', format=5, channels=2, frequency=48000, lengthbytes=373024, lengthpcm=1449320, pcmblocksize=0, loopstart=0, loopend=0, mode=0x00000000, channelmask=0x00000000, channelorder=0, peakvolume=0.999969.
[LOG] Thread::initThread                       :     Init FMOD file thread. Affinity: 0x4000000000000003, Priority: 0xFFFF7FFC, Stack Size: 65536, Semaphore: No, Sleep Time: 10, Looping: Yes.
[LOG] AsyncThread::threadFunc                  : Finished Asynchronous operation on sound 000001AAF343AB08
[LOG] AsyncThread::threadFunc                  : Starting Asynchronous operation on sound 000001AAF343A298
[LOG] SystemI::createSoundInternal             :     Create name='Assets/FMODBanks/Desktop/Master.bank', mode=0x02010082
[LOG] SystemI::createSoundInternal             :     exinfo->cbsize             = 224
[LOG] SystemI::createSoundInternal             :     exinfo->length             = 3283168
[LOG] SystemI::createSoundInternal             :     exinfo->fileoffset         = 13312
[LOG] SystemI::createSoundInternal             :     exinfo->numsubsounds       = 1
[LOG] SystemI::createSoundInternal             :     exinfo->inclusionlist      = 000001AAEF8D8720
[LOG] SystemI::createSoundInternal             :     exinfo->inclusionlistnum   = 1
[LOG] SystemI::createSoundInternal             :     exinfo->suggestedsoundtype = 5
[LOG] SystemI::createSoundInternal             :     exinfo->initialseekposition = 50
[LOG] SystemI::createSoundInternal             :     exinfo->initialseekpostype = 1
[LOG] SystemI::createSoundInternal             :     Stream 0/1: name='Guitar__Wurl_-_double_tracked_nylon_and_steel', format=5, channels=2, frequency=48000, lengthbytes=2825760, lengthpcm=9984626, pcmblocksize=0, loopstart=0, loopend=0, mode=0x00000000, channelmask=0x00000000, channelorder=0, peakvolume=0.999969.
[LOG] AsyncThread::threadFunc                  : Finished Asynchronous operation on sound 000001AAF343A298
[LOG] SystemI::createSoundInternal             : Create name='', mode=0x02000202
[LOG] SystemI::createSoundInternal             : exinfo->cbsize             = 224
[LOG] SystemI::createSoundInternal             : exinfo->length             = 3283168
[LOG] SystemI::createSoundInternal             : exinfo->fileoffset         = 13312
[LOG] SystemI::createSoundInternal             : exinfo->numsubsounds       = 1
[LOG] SystemI::createSoundInternal             : exinfo->inclusionlist      = 000000364525F368
[LOG] SystemI::createSoundInternal             : exinfo->inclusionlistnum   = 1
[LOG] SystemI::createSoundInternal             : exinfo->suggestedsoundtype = 5
[LOG] SystemI::createSoundInternal             : exinfo->useropen           = 00007FFFA8C94130
[LOG] SystemI::createSoundInternal             : exinfo->userclose          = 00007FFFA8C940F0
[LOG] SystemI::createSoundInternal             : exinfo->userread           = 00007FFFA8C94210
[LOG] SystemI::createSoundInternal             : exinfo->userseek           = 00007FFFA8C942D0
[LOG] SystemI::createSoundInternal             : exinfo->fileuserdata       = 000001AB87B7D628
[LOG] SystemI::createSoundInternal             : exinfo->initialseekpostype = 1
[LOG] SystemI::DSPCodecPoolRegister            : register codec pool for pool type 5
[LOG] SystemI::createSoundInternal             : Sample 0/1: name='footsteps_grass_3', format=5, channels=2, frequency=48000, lengthbytes=5600, lengthpcm=19222, pcmblocksize=0, loopstart=0, loopend=0, mode=0x00000000, channelmask=0x00000000, channelorder=0, peakvolume=0.999969.
[LOG] SystemI::createSoundInternal             : Create name='', mode=0x02000202
[LOG] SystemI::createSoundInternal             : exinfo->cbsize             = 224
[LOG] SystemI::createSoundInternal             : exinfo->length             = 3283168
[LOG] SystemI::createSoundInternal             : exinfo->fileoffset         = 13312
[LOG] SystemI::createSoundInternal             : exinfo->numsubsounds       = 1
[LOG] SystemI::createSoundInternal             : exinfo->inclusionlist      = 000000364525F368
[LOG] SystemI::createSoundInternal             : exinfo->inclusionlistnum   = 1
[LOG] SystemI::createSoundInternal             : exinfo->suggestedsoundtype = 5
[LOG] SystemI::createSoundInternal             : exinfo->useropen           = 00007FFFA8C94130
[LOG] SystemI::createSoundInternal             : exinfo->userclose          = 00007FFFA8C940F0
[LOG] SystemI::createSoundInternal             : exinfo->userread           = 00007FFFA8C94210
[LOG] SystemI::createSoundInternal             : exinfo->userseek           = 00007FFFA8C942D0
[LOG] SystemI::createSoundInternal             : exinfo->fileuserdata       = 000001AB87B7D628
[LOG] SystemI::createSoundInternal             : exinfo->initialseekpostype = 1
[LOG] SystemI::DSPCodecPoolRegister            : register codec pool for pool type 5
[LOG] SystemI::createSoundInternal             : Sample 0/1: name='footsteps_grass_1', format=5, channels=2, frequency=48000, lengthbytes=6144, lengthpcm=19222, pcmblocksize=0, loopstart=0, loopend=0, mode=0x00000000, channelmask=0x00000000, channelorder=0, peakvolume=0.999969.
[LOG] SystemI::createSoundInternal             : Create name='', mode=0x02000202
[LOG] SystemI::createSoundInternal             : exinfo->cbsize             = 224
[LOG] SystemI::createSoundInternal             : exinfo->length             = 3283168
[LOG] SystemI::createSoundInternal             : exinfo->fileoffset         = 13312
[LOG] SystemI::createSoundInternal             : exinfo->numsubsounds       = 1
[LOG] SystemI::createSoundInternal             : exinfo->inclusionlist      = 000000364525F368
[LOG] SystemI::createSoundInternal             : exinfo->inclusionlistnum   = 1
[LOG] SystemI::createSoundInternal             : exinfo->suggestedsoundtype = 5
[LOG] SystemI::createSoundInternal             : exinfo->useropen           = 00007FFFA8C94130
[LOG] SystemI::createSoundInternal             : exinfo->userclose          = 00007FFFA8C940F0
[LOG] SystemI::createSoundInternal             : exinfo->userread           = 00007FFFA8C94210
[LOG] SystemI::createSoundInternal             : exinfo->userseek           = 00007FFFA8C942D0
[LOG] SystemI::createSoundInternal             : exinfo->fileuserdata       = 000001AB87B7D628
[LOG] SystemI::createSoundInternal             : exinfo->initialseekpostype = 1
[LOG] SystemI::DSPCodecPoolRegister            : register codec pool for pool type 5
[LOG] SystemI::createSoundInternal             : Sample 0/1: name='footsteps_grass_2', format=5, channels=2, frequency=48000, lengthbytes=5536, lengthpcm=19222, pcmblocksize=0, loopstart=0, loopend=0, mode=0x00000000, channelmask=0x00000000, channelorder=0, peakvolume=0.999969.
[LOG] SystemI::createSoundInternal             : Create name='', mode=0x02000202
[LOG] SystemI::createSoundInternal             : exinfo->cbsize             = 224
[LOG] SystemI::createSoundInternal             : exinfo->length             = 3283168
[LOG] SystemI::createSoundInternal             : exinfo->fileoffset         = 13312
[LOG] SystemI::createSoundInternal             : exinfo->numsubsounds       = 1
[LOG] SystemI::createSoundInternal             : exinfo->inclusionlist      = 000000364525F368
[LOG] SystemI::createSoundInternal             : exinfo->inclusionlistnum   = 1
[LOG] SystemI::createSoundInternal             : exinfo->suggestedsoundtype = 5
[LOG] SystemI::createSoundInternal             : exinfo->useropen           = 00007FFFA8C94130
[LOG] SystemI::createSoundInternal             : exinfo->userclose          = 00007FFFA8C940F0
[LOG] SystemI::createSoundInternal             : exinfo->userread           = 00007FFFA8C94210
[LOG] SystemI::createSoundInternal             : exinfo->userseek           = 00007FFFA8C942D0
[LOG] SystemI::createSoundInternal             : exinfo->fileuserdata       = 000001AB75E968B8
[LOG] SystemI::createSoundInternal             : exinfo->initialseekpostype = 1
[LOG] SystemI::DSPCodecPoolRegister            : register codec pool for pool type 5
[LOG] SystemI::createSoundInternal             : Sample 0/1: name='leaf_rustle_3_fail', format=5, channels=2, frequency=48000, lengthbytes=7104, lengthpcm=22897, pcmblocksize=0, loopstart=0, loopend=0, mode=0x00000000, channelmask=0x00000000, channelorder=0, peakvolume=0.999969.
[LOG] SystemI::createSoundInternal             : Create name='', mode=0x02000202
[LOG] SystemI::createSoundInternal             : exinfo->cbsize             = 224
[LOG] SystemI::createSoundInternal             : exinfo->length             = 3283168
[LOG] SystemI::createSoundInternal             : exinfo->fileoffset         = 13312
[LOG] SystemI::createSoundInternal             : exinfo->numsubsounds       = 1
[LOG] SystemI::createSoundInternal             : exinfo->inclusionlist      = 000000364525F368
[LOG] SystemI::createSoundInternal             : exinfo->inclusionlistnum   = 1
[LOG] SystemI::createSoundInternal             : exinfo->suggestedsoundtype = 5
[LOG] SystemI::createSoundInternal             : exinfo->useropen           = 00007FFFA8C94130
[LOG] SystemI::createSoundInternal             : exinfo->userclose          = 00007FFFA8C940F0
[LOG] SystemI::createSoundInternal             : exinfo->userread           = 00007FFFA8C94210
[LOG] SystemI::createSoundInternal             : exinfo->userseek           = 00007FFFA8C942D0
[LOG] SystemI::createSoundInternal             : exinfo->fileuserdata       = 000001AB75E968B8
[LOG] SystemI::createSoundInternal             : exinfo->initialseekpostype = 1
[LOG] SystemI::DSPCodecPoolRegister            : register codec pool for pool type 5
[LOG] SystemI::createSoundInternal             : Sample 0/1: name='pluck_w_rustle', format=5, channels=2, frequency=48000, lengthbytes=4768, lengthpcm=14397, pcmblocksize=0, loopstart=0, loopend=0, mode=0x00000000, channelmask=0x00000000, channelorder=0, peakvolume=0.988678.
[LOG] SystemI::createSoundInternal             : Create name='', mode=0x02000202
[LOG] SystemI::createSoundInternal             : exinfo->cbsize             = 224
[LOG] SystemI::createSoundInternal             : exinfo->length             = 3283168
[LOG] SystemI::createSoundInternal             : exinfo->fileoffset         = 13312
[LOG] SystemI::createSoundInternal             : exinfo->numsubsounds       = 1
[LOG] SystemI::createSoundInternal             : exinfo->inclusionlist      = 000000364525F368
[LOG] SystemI::createSoundInternal             : exinfo->inclusionlistnum   = 1
[LOG] SystemI::createSoundInternal             : exinfo->suggestedsoundtype = 5
[LOG] SystemI::createSoundInternal             : exinfo->useropen           = 00007FFFA8C94130
[LOG] SystemI::createSoundInternal             : exinfo->userclose          = 00007FFFA8C940F0
[LOG] SystemI::createSoundInternal             : exinfo->userread           = 00007FFFA8C94210
[LOG] SystemI::createSoundInternal             : exinfo->userseek           = 00007FFFA8C942D0
[LOG] SystemI::createSoundInternal             : exinfo->fileuserdata       = 000001AB75E968B8
[LOG] SystemI::createSoundInternal             : exinfo->initialseekpostype = 1
[LOG] SystemI::DSPCodecPoolRegister            : register codec pool for pool type 5
[LOG] SystemI::createSoundInternal             : Sample 0/1: name='book_open', format=5, channels=2, frequency=48000, lengthbytes=14528, lengthpcm=49236, pcmblocksize=0, loopstart=0, loopend=0, mode=0x00000000, channelmask=0x00000000, channelorder=0, peakvolume=0.999329.
[LOG] SystemI::createSoundInternal             : Create name='', mode=0x02000202
[LOG] SystemI::createSoundInternal             : exinfo->cbsize             = 224
[LOG] SystemI::createSoundInternal             : exinfo->length             = 3283168
[LOG] SystemI::createSoundInternal             : exinfo->fileoffset         = 13312
[LOG] SystemI::createSoundInternal             : exinfo->numsubsounds       = 1
[LOG] SystemI::createSoundInternal             : exinfo->inclusionlist      = 000000364525F368
[LOG] SystemI::createSoundInternal             : exinfo->inclusionlistnum   = 1
[LOG] SystemI::createSoundInternal             : exinfo->suggestedsoundtype = 5
[LOG] SystemI::createSoundInternal             : exinfo->useropen           = 00007FFFA8C94130
[LOG] SystemI::createSoundInternal             : exinfo->userclose          = 00007FFFA8C940F0
[LOG] SystemI::createSoundInternal             : exinfo->userread           = 00007FFFA8C94210
[LOG] SystemI::createSoundInternal             : exinfo->userseek           = 00007FFFA8C942D0
[LOG] SystemI::createSoundInternal             : exinfo->fileuserdata       = 000001AAEF5C9028
[LOG] SystemI::createSoundInternal             : exinfo->initialseekpostype = 1
[LOG] SystemI::DSPCodecPoolRegister            : register codec pool for pool type 5
[LOG] SystemI::createSoundInternal             : Sample 0/1: name='leaf_rustle_2', format=5, channels=2, frequency=48000, lengthbytes=5280, lengthpcm=16409, pcmblocksize=0, loopstart=0, loopend=0, mode=0x00000000, channelmask=0x00000000, channelorder=0, peakvolume=0.998871.
[LOG] SystemI::createSoundInternal             : Create name='', mode=0x02000202
[LOG] SystemI::createSoundInternal             : exinfo->cbsize             = 224
[LOG] SystemI::createSoundInternal             : exinfo->length             = 3283168
[LOG] SystemI::createSoundInternal             : exinfo->fileoffset         = 13312
[LOG] SystemI::createSoundInternal             : exinfo->numsubsounds       = 1
[LOG] SystemI::createSoundInternal             : exinfo->inclusionlist      = 000000364525F368
[LOG] SystemI::createSoundInternal             : exinfo->inclusionlistnum   = 1
[LOG] SystemI::createSoundInternal             : exinfo->suggestedsoundtype = 5
[LOG] SystemI::createSoundInternal             : exinfo->useropen           = 00007FFFA8C94130
[LOG] SystemI::createSoundInternal             : exinfo->userclose          = 00007FFFA8C940F0
[LOG] SystemI::createSoundInternal             : exinfo->userread           = 00007FFFA8C94210
[LOG] SystemI::createSoundInternal             : exinfo->userseek           = 00007FFFA8C942D0
[LOG] SystemI::createSoundInternal             : exinfo->fileuserdata       = 000001AAEF5C9028
[LOG] SystemI::createSoundInternal             : exinfo->initialseekpostype = 1
[LOG] SystemI::DSPCodecPoolRegister            : register codec pool for pool type 5
[LOG] SystemI::createSoundInternal             : Sample 0/1: name='leaf_rustle_1', format=5, channels=2, frequency=48000, lengthbytes=4192, lengthpcm=13081, pcmblocksize=0, loopstart=0, loopend=0, mode=0x00000000, channelmask=0x00000000, channelorder=0, peakvolume=0.999969.
[LOG] SystemI::createSoundInternal             : Create name='', mode=0x02000202
[LOG] SystemI::createSoundInternal             : exinfo->cbsize             = 224
[LOG] SystemI::createSoundInternal             : exinfo->length             = 3283168
[LOG] SystemI::createSoundInternal             : exinfo->fileoffset         = 13312
[LOG] SystemI::createSoundInternal             : exinfo->numsubsounds       = 1
[LOG] SystemI::createSoundInternal             : exinfo->inclusionlist      = 000000364525F368
[LOG] SystemI::createSoundInternal             : exinfo->inclusionlistnum   = 1
[LOG] SystemI::createSoundInternal             : exinfo->suggestedsoundtype = 5
[LOG] SystemI::createSoundInternal             : exinfo->useropen           = 00007FFFA8C94130
[LOG] SystemI::createSoundInternal             : exinfo->userclose          = 00007FFFA8C940F0
[LOG] SystemI::createSoundInternal             : exinfo->userread           = 00007FFFA8C94210
[LOG] SystemI::createSoundInternal             : exinfo->userseek           = 00007FFFA8C942D0
[LOG] SystemI::createSoundInternal             : exinfo->fileuserdata       = 000001AAEF5C9028
[LOG] SystemI::createSoundInternal             : exinfo->initialseekpostype = 1
[LOG] SystemI::DSPCodecPoolRegister            : register codec pool for pool type 5
[LOG] SystemI::createSoundInternal             : Sample 0/1: name='leaf_rustle_4_gentle', format=5, channels=2, frequency=48000, lengthbytes=5536, lengthpcm=19158, pcmblocksize=0, loopstart=0, loopend=0, mode=0x00000000, channelmask=0x00000000, channelorder=0, peakvolume=0.999969.
[LOG] SystemI::createSoundInternal             : Create name='', mode=0x02000202
[LOG] SystemI::createSoundInternal             : exinfo->cbsize             = 224
[LOG] SystemI::createSoundInternal             : exinfo->length             = 3283168
[LOG] SystemI::createSoundInternal             : exinfo->fileoffset         = 13312
[LOG] SystemI::createSoundInternal             : exinfo->numsubsounds       = 1
[LOG] SystemI::createSoundInternal             : exinfo->inclusionlist      = 000000364525F368
[LOG] SystemI::createSoundInternal             : exinfo->inclusionlistnum   = 1
[LOG] SystemI::createSoundInternal             : exinfo->suggestedsoundtype = 5
[LOG] SystemI::createSoundInternal             : exinfo->useropen           = 00007FFFA8C94130
[LOG] SystemI::createSoundInternal             : exinfo->userclose          = 00007FFFA8C940F0
[LOG] SystemI::createSoundInternal             : exinfo->userread           = 00007FFFA8C94210
[LOG] SystemI::createSoundInternal             : exinfo->userseek           = 00007FFFA8C942D0
[LOG] SystemI::createSoundInternal             : exinfo->fileuserdata       = 000001AB87B7F0F8
[LOG] SystemI::createSoundInternal             : exinfo->initialseekpostype = 1
[LOG] SystemI::DSPCodecPoolRegister            : register codec pool for pool type 5
[LOG] SystemI::createSoundInternal             : Sample 0/1: name='book_page_turn', format=5, channels=2, frequency=48000, lengthbytes=7616, lengthpcm=24062, pcmblocksize=0, loopstart=0, loopend=0, mode=0x00000000, channelmask=0x00000000, channelorder=0, peakvolume=0.885956.
[LOG] SoundI::release                          : river_loop (000001AAF343AB08)
[LOG] SoundI::release                          :     river_loop (000001AA52001858)
[LOG] SoundI::release                          :     river_loop (000001AA60622978)
[LOG] SoundI::release                          : Guitar__Wurl_-_double_tracked_nylon_and_steel (000001AAF343A298)
[LOG] SoundI::release                          :     Guitar__Wurl_-_double_tracked_nylon_and_steel (000001AA51FFE458)
[LOG] SoundI::release                          :     Guitar__Wurl_-_double_tracked_nylon_and_steel (000001AA6061D878)
[LOG] SoundI::release                          :  (000001AB6D158858)
[LOG] SoundI::release                          :     pluck_w_rustle (000001AA52000B58)
[LOG] SoundI::release                          :  (000001AB8FC751D8)
[LOG] SoundI::release                          :     footsteps_grass_1 (000001AA520009B8)
[LOG] SoundI::release                          :  (000001AB8FC74658)
[LOG] SoundI::release                          :     footsteps_grass_2 (000001AA51FFFCB8)
[LOG] SoundI::release                          :  (000001AB8FC74C18)
[LOG] SoundI::release                          :     footsteps_grass_3 (000001AA51FFDC38)
[LOG] SoundI::release                          :  (000001AB6D1593D8)
[LOG] SoundI::release                          :     leaf_rustle_3_fail (000001AA52000338)
[LOG] SoundI::release                          :  (000001AB8FC75348)
[LOG] SoundI::release                          :     book_page_turn (000001AA5D46BB08)
[LOG] SoundI::release                          :  (000001AB6D159548)
[LOG] SoundI::release                          :     book_open (000001AA5D46A448)
[LOG] SoundI::release                          :  (000001AB7C18AA68)
[LOG] SoundI::release                          :     leaf_rustle_1 (000001AA5D46B2E8)
[LOG] SoundI::release                          :  (000001AB7C18CE58)
[LOG] SoundI::release                          :     leaf_rustle_2 (000001AA5D469A88)
[LOG] SoundI::release                          :  (000001AB7C18A788)
[LOG] SoundI::release                          :     leaf_rustle_4_gentle (000001AA5D46A5E8)
[LOG] Thread::callback                         : FMOD Studio update thread finished.
[LOG] Thread::callback                         : FMOD Studio bank load thread finished.
[LOG] Profile::disconnectAll                   : Profiler disconnecting all clients
[LOG] Thread::callback                         : FMOD Studio sample load thread finished.
[LOG] LiveUpdate::release                      : 
[LOG] LiveUpdate::reset                        : Reset connection (reason Disconnected)
[LOG] Thread::callback                         : FMOD stream thread finished.
[LOG] Thread::callback                         : FMOD mixer thread finished.
[LOG] Profile::disconnectAll                   : Profiler disconnecting all clients
[LOG] SystemI::close                           : Closed.
[LOG] Thread::callback                         : FMOD Studio bank load thread finished.
[LOG] Thread::callback                         : FMOD Studio sample load thread finished.
[LOG] LiveUpdate::release                      : 
[LOG] LiveUpdate::reset                        : Reset connection (reason Disconnected)
[LOG] Thread::callback                         : FMOD stream thread finished.
[LOG] Thread::callback                         : FMOD mixer thread finished.
[LOG] SystemI::close                           : Closed.
[LOG] Thread::callback                         : FMOD nonblocking thread (0) finished.
[LOG] Thread::callback                         : FMOD file thread finished.
